<?xml version="1.0" encoding="UTF-8"?>
<!-- Generated by org.testng.reporters.JUnitReportReporter -->
<testsuite hostname="DESKTOP-0MF6DQA" name="com.training.sanity.tests.RecoverpassTests" tests="1" failures="0" timestamp="4 Sep 2019 05:51:37 GMT" time="14.256" errors="0">
  <testcase name="validRecoverpassTests" time="14.256" classname="com.training.sanity.tests.RecoverpassTests"/>
</testsuite> <!-- com.training.sanity.tests.RecoverpassTests -->
