<?xml version="1.0" encoding="UTF-8"?>
<!-- Generated by org.testng.reporters.JUnitReportReporter -->
<testsuite hostname="DESKTOP-0MF6DQA" name="com.training.sanity.tests.LoginFunTests" tests="1" failures="0" timestamp="4 Sep 2019 05:51:12 GMT" time="15.652" errors="0">
  <testcase name="validLoginFunTest" time="15.652" classname="com.training.sanity.tests.LoginFunTests"/>
</testsuite> <!-- com.training.sanity.tests.LoginFunTests -->
