<?xml version="1.0" encoding="UTF-8"?>
<!-- Generated by org.testng.reporters.JUnitReportReporter -->
<testsuite hostname="DESKTOP-0MF6DQA" name="com.training.sanity.tests.RegisterTests" tests="1" failures="0" timestamp="4 Sep 2019 05:50:28 GMT" time="13.542" errors="0">
  <testcase name="validRegisterTest" time="13.542" classname="com.training.sanity.tests.RegisterTests"/>
</testsuite> <!-- com.training.sanity.tests.RegisterTests -->
